================================ 
 PUBLICADOR DE ATUALIZACAO - AXION 
================================ 
 
Iniciando publicacao... 
Verificando arquivos... 
On branch main
Your branch is up to date with 'origin/main'.

Changes not staged for commit:
  (use "git add <file>..." to update what will be committed)
  (use "git restore <file>..." to discard changes in working directory)
	modified:   Axion.exe
	modified:   changelog.json
	modified:   version.json

Untracked files:
  (use "git add <file>..." to include in what will be committed)
	Axion_Update_Manager.bat
	editor_axion_update.py
	publicar_update.bat
	publish.log

no changes added to commit (use "git add" and/or "git commit -a")
Adicionando arquivos... 
